<?xml version="1.0" encoding="UTF-8" ?>
<testsuites>
<testsuite name="jasmine-promise" errors="0" tests="5" failures="0" time="0.156" timestamp="2013-06-05T18:21:31">
  <testcase classname="jasmine-promise" name="passes if the deferred resolves immediately" time="0.015"></testcase>
  <testcase classname="jasmine-promise" name="passes if the deferred resolves after a short delay" time="0.105"></testcase>
  <testcase classname="jasmine-promise" name="lets specs that return nothing pass" time="0"></testcase>
  <testcase classname="jasmine-promise" name="lets specs that return non-promises pass" time="0"></testcase>
  <testcase classname="jasmine-promise" name="works ok with specs that return crappy non-Q promises" time="0.004"></testcase>
</testsuite>
</testsuites>